<?xml version="1.0" encoding="UTF-8"?>
<robot generator="Robot 7.2.2 (Python 3.9.6 on darwin)" generated="2026-04-21T20:59:26.039879" rpa="false" schemaversion="5">
<suite id="s1" name="Demo" source="/Users/febinthomas/Desktop/selfHealingAll/NewAIBased/Demo.robot">
<kw name="Setup" type="SETUP">
<kw name="Test Ollama Connection" owner="HealingSelenium">
<msg time="2026-04-21T20:59:34.188521" level="INFO">[Healing] Testing Ollama connection → http://localhost:11434/api/generate
[Healing] Status: 200, Response: {"model":"mistral:latest","created_at":"2026-04-21T15:29:34.171332Z","response":" I'm not sure what you mean by \"ping.\" In the context of computing, a \"ping\" is used to test network connectivity b</msg>
<doc>Test connection to Ollama API</doc>
<status status="PASS" start="2026-04-21T20:59:26.279750" elapsed="7.909545"/>
</kw>
<kw name="Open Browser" owner="HealingSelenium">
<msg time="2026-04-21T20:59:34.199220" level="INFO">Opening browser 'chrome' to base url 'https://the-internet.herokuapp.com/login'.</msg>
<arg>https://the-internet.herokuapp.com/login</arg>
<arg>browser=chrome</arg>
<doc>Opens a new browser instance to the optional ``url``.</doc>
<status status="PASS" start="2026-04-21T20:59:34.191049" elapsed="7.420466"/>
</kw>
<kw name="Maximize Browser Window" owner="HealingSelenium">
<doc>Maximizes current browser window.</doc>
<status status="PASS" start="2026-04-21T20:59:41.613232" elapsed="0.371414"/>
</kw>
<status status="PASS" start="2026-04-21T20:59:26.279154" elapsed="15.705689"/>
</kw>
<test id="s1-t1" name="TC_1" line="43">
<kw name="Input Text" owner="HealingSelenium">
<msg time="2026-04-21T20:59:41.987636" level="INFO">Typing text 'user@name.com' into text field '//input[@id="usernme"]'.</msg>
<msg time="2026-04-21T20:59:42.116554" level="INFO" html="true">&lt;/td&gt;&lt;/tr&gt;&lt;tr&gt;&lt;td colspan="3"&gt;&lt;a href="healing_screens/20260421_205942_012823__locator_not_found_input___input_id_usernme_.png"&gt;&lt;img src="healing_screens/20260421_205942_012823__locator_not_found_input___input_id_usernme_.png" width="800px"&gt;&lt;/a&gt;</msg>
<msg time="2026-04-21T20:59:47.286827" level="INFO">Typing text 'user@name.com' into text field 'name=username'.</msg>
<msg time="2026-04-21T20:59:47.622497" level="INFO">[Healing] Input Text → //input[@id="usernme"]
[Healing] ⚠️ Failed: Element with locator '//input[@id="usernme"]' not found.
[Healing] 🖼️ Screenshot captured → /Users/febinthomas/Desktop/selfHealingAll/NewAIBased/healing_screens/20260421_205942_012823__locator_not_found_input___input_id_usernme_.png

[Healing] Asking Ollama to heal locator: //input[@id="usernme"]
[Healing] → Posting to http://localhost:11434/api/generate
[Healing] Ollama status: 200
[Healing] ✅ Suggestion: {'type': 'name', 'locator': 'username'}
[Healing] 🛠️ Auto-rewrite: replaced '//input[@id="usernme"]' with 'name=username' in 1 file(s), 1 occurrence(s).
[Healing] Retrying with healed locator: name=username</msg>
<msg time="2026-04-21T20:59:47.623029" level="FAIL">Original locator not found in DOM → auto-healed.
Rewrote occurrences: '//input[@id="usernme"]' → 'name=username' (1 file(s), 1 occurrence(s)).
Failing the test intentionally so the incorrect coded locator is fixed and committed.</msg>
<arg>//input[@id="usernme"]</arg>
<arg>user@name.com</arg>
<doc>Healable version of Input Text</doc>
<status status="FAIL" start="2026-04-21T20:59:41.986942" elapsed="5.646148">Original locator not found in DOM → auto-healed.
Rewrote occurrences: '//input[@id="usernme"]' → 'name=username' (1 file(s), 1 occurrence(s)).
Failing the test intentionally so the incorrect coded locator is fixed and committed.</status>
</kw>
<kw name="Input Text" owner="HealingSelenium">
<arg>//input[@id="password"]</arg>
<arg>Password</arg>
<doc>Healable version of Input Text</doc>
<status status="NOT RUN" start="2026-04-21T20:59:47.633899" elapsed="0.000053"/>
</kw>
<kw name="Click Element" owner="HealingSelenium">
<arg>//button[@type='submit']</arg>
<doc>Healable version of Click Element</doc>
<status status="NOT RUN" start="2026-04-21T20:59:47.634167" elapsed="0.000036"/>
</kw>
<status status="FAIL" start="2026-04-21T20:59:41.985740" elapsed="5.648844">Original locator not found in DOM → auto-healed.
Rewrote occurrences: '//input[@id="usernme"]' → 'name=username' (1 file(s), 1 occurrence(s)).
Failing the test intentionally so the incorrect coded locator is fixed and committed.</status>
</test>
<test id="s1-t2" name="TC_2" line="48">
<kw name="Input Text" owner="HealingSelenium">
<msg time="2026-04-21T20:59:47.637662" level="INFO">Typing text 'user@name.com' into text field '//input[@id="username"]'.</msg>
<msg time="2026-04-21T20:59:47.728838" level="INFO">[Healing] Input Text → //input[@id="username"]</msg>
<arg>//input[@id="username"]</arg>
<arg>user@name.com</arg>
<doc>Healable version of Input Text</doc>
<status status="PASS" start="2026-04-21T20:59:47.637042" elapsed="0.092085"/>
</kw>
<kw name="Input Text" owner="HealingSelenium">
<msg time="2026-04-21T20:59:47.730742" level="INFO">Typing text 'Password' into text field '//input[@id="passord"]'.</msg>
<msg time="2026-04-21T20:59:47.878271" level="INFO" html="true">&lt;/td&gt;&lt;/tr&gt;&lt;tr&gt;&lt;td colspan="3"&gt;&lt;a href="healing_screens/20260421_205947_744872__locator_not_found_input___input_id_passord_.png"&gt;&lt;img src="healing_screens/20260421_205947_744872__locator_not_found_input___input_id_passord_.png" width="800px"&gt;&lt;/a&gt;</msg>
<msg time="2026-04-21T20:59:52.600237" level="INFO">Typing text 'Password' into text field 'name=password'.</msg>
<msg time="2026-04-21T20:59:52.684522" level="INFO">[Healing] Input Text → //input[@id="passord"]
[Healing] ⚠️ Failed: Element with locator '//input[@id="passord"]' not found.
[Healing] 🖼️ Screenshot captured → /Users/febinthomas/Desktop/selfHealingAll/NewAIBased/healing_screens/20260421_205947_744872__locator_not_found_input___input_id_passord_.png

[Healing] Asking Ollama to heal locator: //input[@id="passord"]
[Healing] → Posting to http://localhost:11434/api/generate
[Healing] Ollama status: 200
[Healing] ✅ Suggestion: {'type': 'name', 'locator': 'password'}
[Healing] 🛠️ Auto-rewrite: replaced '//input[@id="passord"]' with 'name=password' in 1 file(s), 1 occurrence(s).
[Healing] Retrying with healed locator: name=password</msg>
<msg time="2026-04-21T20:59:52.688318" level="FAIL">Original locator not found in DOM → auto-healed.
Rewrote occurrences: '//input[@id="passord"]' → 'name=password' (1 file(s), 1 occurrence(s)).
Failing the test intentionally so the incorrect coded locator is fixed and committed.</msg>
<arg>//input[@id="passord"]</arg>
<arg>Password</arg>
<doc>Healable version of Input Text</doc>
<status status="FAIL" start="2026-04-21T20:59:47.730449" elapsed="4.960264">Original locator not found in DOM → auto-healed.
Rewrote occurrences: '//input[@id="passord"]' → 'name=password' (1 file(s), 1 occurrence(s)).
Failing the test intentionally so the incorrect coded locator is fixed and committed.</status>
</kw>
<kw name="Click Element" owner="HealingSelenium">
<arg>//button[@type='submit']</arg>
<doc>Healable version of Click Element</doc>
<status status="NOT RUN" start="2026-04-21T20:59:52.697197" elapsed="0.000136"/>
</kw>
<status status="FAIL" start="2026-04-21T20:59:47.635466" elapsed="5.064556">Original locator not found in DOM → auto-healed.
Rewrote occurrences: '//input[@id="passord"]' → 'name=password' (1 file(s), 1 occurrence(s)).
Failing the test intentionally so the incorrect coded locator is fixed and committed.</status>
</test>
<test id="s1-t3" name="TC_3" line="53">
<kw name="Input Text" owner="HealingSelenium">
<msg time="2026-04-21T20:59:52.714463" level="INFO">Typing text 'tomsmith' into text field '//input[@id="username"]'.</msg>
<msg time="2026-04-21T20:59:52.854742" level="INFO">[Healing] Input Text → //input[@id="username"]</msg>
<arg>//input[@id="username"]</arg>
<arg>tomsmith</arg>
<doc>Healable version of Input Text</doc>
<status status="PASS" start="2026-04-21T20:59:52.713325" elapsed="0.141491"/>
</kw>
<kw name="Input Text" owner="HealingSelenium">
<msg time="2026-04-21T20:59:52.855302" level="INFO">Typing text 'SuperSecretPassword!' into text field '//input[@id="password"]'.</msg>
<msg time="2026-04-21T20:59:52.950381" level="INFO">[Healing] Input Text → //input[@id="password"]</msg>
<arg>//input[@id="password"]</arg>
<arg>SuperSecretPassword!</arg>
<doc>Healable version of Input Text</doc>
<status status="PASS" start="2026-04-21T20:59:52.855101" elapsed="0.095390"/>
</kw>
<kw name="Click Element" owner="HealingSelenium">
<msg time="2026-04-21T20:59:52.950969" level="INFO">Clicking element '//button[@type='submit']'.</msg>
<msg time="2026-04-21T20:59:53.794211" level="INFO">[Healing] Click Element → //button[@type='submit']</msg>
<arg>//button[@type='submit']</arg>
<doc>Healable version of Click Element</doc>
<status status="PASS" start="2026-04-21T20:59:52.950762" elapsed="0.843777"/>
</kw>
<tag>HappyCase</tag>
<status status="PASS" start="2026-04-21T20:59:52.712228" elapsed="1.083090"/>
</test>
<kw name="Close Browser" owner="HealingSelenium" type="TEARDOWN">
<doc>Closes the current browser.</doc>
<status status="PASS" start="2026-04-21T20:59:53.796181" elapsed="0.228723"/>
</kw>
<doc>Collection of common keywords to use across tests/suites</doc>
<status status="FAIL" start="2026-04-21T20:59:26.043273" elapsed="27.981690"/>
</suite>
<statistics>
<total>
<stat pass="1" fail="2" skip="0">All Tests</stat>
</total>
<tag>
<stat pass="1" fail="0" skip="0">HappyCase</stat>
</tag>
<suite>
<stat name="Demo" id="s1" pass="1" fail="2" skip="0">Demo</stat>
</suite>
</statistics>
<errors>
</errors>
</robot>
